E:\Code\VS2010 code\CNN\CNN\Debug\cl.command.1.tlog
E:\Code\VS2010 code\CNN\CNN\Debug\CL.read.1.tlog
E:\Code\VS2010 code\CNN\CNN\Debug\CL.write.1.tlog
E:\CODE\VS2010 CODE\CNN\CNN\DEBUG\CNN.EXE.INTERMEDIATE.MANIFEST
E:\CODE\VS2010 CODE\CNN\CNN\DEBUG\CNN.OBJ
E:\Code\VS2010 code\CNN\CNN\Debug\CNN.vcxprojResolveAssemblyReference.cache
E:\Code\VS2010 code\CNN\CNN\Debug\CNN.write.1.tlog
E:\Code\VS2010 code\CNN\CNN\Debug\link.command.1.tlog
E:\Code\VS2010 code\CNN\CNN\Debug\link.read.1.tlog
E:\Code\VS2010 code\CNN\CNN\Debug\link.write.1.tlog
E:\CODE\VS2010 CODE\CNN\CNN\DEBUG\MAIN.OBJ
E:\CODE\VS2010 CODE\CNN\CNN\DEBUG\MAT.OBJ
E:\CODE\VS2010 CODE\CNN\CNN\DEBUG\MINST.OBJ
E:\Code\VS2010 code\CNN\CNN\Debug\mt.command.1.tlog
E:\Code\VS2010 code\CNN\CNN\Debug\mt.read.1.tlog
E:\Code\VS2010 code\CNN\CNN\Debug\mt.write.1.tlog
E:\Code\VS2010 code\CNN\CNN\Debug\vc100.idb
E:\CODE\VS2010 CODE\CNN\CNN\DEBUG\VC100.PDB
E:\CODE\VS2010 CODE\CNN\DEBUG\CNN.EXE
E:\CODE\VS2010 CODE\CNN\DEBUG\CNN.ILK
E:\CODE\VS2010 CODE\CNN\DEBUG\CNN.PDB
